[debug] [2025-11-08T06:16:30.617Z] ----------------------------------------------------------------------
[debug] [2025-11-08T06:16:30.622Z] Command:       /Users/poy4n/.nvm/versions/node/v20.10.0/bin/node /Users/poy4n/.nvm/versions/node/v20.10.0/bin/firebase init
[debug] [2025-11-08T06:16:30.623Z] CLI Version:   14.24.1
[debug] [2025-11-08T06:16:30.623Z] Platform:      darwin
[debug] [2025-11-08T06:16:30.623Z] Node Version:  v20.10.0
[debug] [2025-11-08T06:16:30.623Z] Time:          Sat Nov 08 2025 09:46:30 GMT+0330 (Iran Standard Time)
[debug] [2025-11-08T06:16:30.624Z] ----------------------------------------------------------------------
[debug] 
[debug] [2025-11-08T06:16:30.626Z] >>> [apiv2][query] GET https://firebase-public.firebaseio.com/cli.json [none]
[info] 
     ######## #### ########  ######## ########     ###     ######  ########
     ##        ##  ##     ## ##       ##     ##  ##   ##  ##       ##
     ######    ##  ########  ######   ########  #########  ######  ######
     ##        ##  ##    ##  ##       ##     ## ##     ##       ## ##
     ##       #### ##     ## ######## ########  ##     ##  ######  ########

You're about to initialize a Firebase project in this directory:

  /Users/poy4n/Documents/Projects/InspirationDesign/inspirationdesign

[debug] [2025-11-08T06:16:30.968Z] *** [apiv2] error from fetch(https://firebase-public.firebaseio.com/cli.json, {"headers":{},"method":"GET"}): FetchError: request to https://firebase-public.firebaseio.com/cli.json failed, reason: Client network socket disconnected before secure TLS connection was established
[warn] ⚠  Unable to fetch the CLI MOTD and remote config. This is not a fatal error, but may indicate an issue with your network connection. 
[debug] [2025-11-08T06:16:30.969Z] Failed to fetch MOTD FirebaseError: Failed to make request to https://firebase-public.firebaseio.com/cli.json
[info] 
=== Project Setup
[info] 
[info] First, let's associate this project directory with a Firebase project.
[info] You can create multiple project aliases by running firebase use --add, 
[info] 
[debug] [2025-11-08T06:16:37.372Z] > command requires scopes: ["email","openid","https://www.googleapis.com/auth/cloudplatformprojects.readonly","https://www.googleapis.com/auth/firebase","https://www.googleapis.com/auth/cloud-platform"]
[debug] [2025-11-08T06:16:37.372Z] > authorizing via signed-in user (inspirationdesignsgroup@gmail.com)
[debug] [2025-11-08T06:16:37.373Z] Checked if tokens are valid: true, expires at: 1762584906582
[debug] [2025-11-08T06:16:37.374Z] Checked if tokens are valid: true, expires at: 1762584906582
[debug] [2025-11-08T06:16:37.375Z] >>> [apiv2][query] GET https://firebase.googleapis.com/v1beta1/projects pageSize=100
[debug] [2025-11-08T06:16:37.913Z] <<< [apiv2][status] GET https://firebase.googleapis.com/v1beta1/projects 403
[debug] [2025-11-08T06:16:37.914Z] <<< [apiv2][body] GET https://firebase.googleapis.com/v1beta1/projects [omitted]
[debug] [2025-11-08T06:16:37.914Z] Unable to parse JSON: SyntaxError: Unexpected token '<', "<!DOCTYPE "... is not valid JSON
[debug] [2025-11-08T06:16:38.432Z] FirebaseError: Unable to parse JSON: SyntaxError: Unexpected token '<', "<!DOCTYPE "... is not valid JSON
    at RetryOperation._fn (/Users/poy4n/.nvm/versions/node/v20.10.0/lib/node_modules/firebase-tools/lib/apiv2.js:289:39)
    at process.processTicksAndRejections (node:internal/process/task_queues:95:5)
[error] 
[error] Error: Failed to list Firebase projects. See firebase-debug.log for more info.
